This file contains any messages produced by compilers while
running configure, to aid debugging if configure makes a mistake.

It was created by BlissInterface configure 0.1, which was
generated by GNU Autoconf 2.69.  Invocation command line was

  $ ./configure --with-gaproot=/opt/gap4 --no-create --no-recursion

## --------- ##
## Platform. ##
## --------- ##

hostname = dobo77
uname -m = x86_64
uname -r = 4.15.0-58-generic
uname -s = Linux
uname -v = #64-Ubuntu SMP Tue Aug 6 11:12:41 UTC 2019

/usr/bin/uname -p = unknown
/bin/uname -X     = unknown

/bin/arch              = unknown
/usr/bin/arch -k       = unknown
/usr/convex/getsysinfo = unknown
/usr/bin/hostinfo      = unknown
/bin/machine           = unknown
/usr/bin/oslevel       = unknown
/bin/universe          = unknown

PATH: /home/nagyg/bin
PATH: /home/nagyg/bin
PATH: /home/nagyg/bin
PATH: /home/nagyg/bin
PATH: /usr/local/sbin
PATH: /usr/local/bin
PATH: /usr/sbin
PATH: /usr/bin
PATH: /sbin
PATH: /bin
PATH: /usr/games
PATH: /usr/local/games
PATH: /snap/bin


## ----------- ##
## Core tests. ##
## ----------- ##

configure:2315: checking build system type
configure:2329: result: x86_64-pc-linux-gnu
configure:2349: checking host system type
configure:2362: result: x86_64-pc-linux-gnu
configure:2399: checking for a BSD-compatible install
configure:2467: result: /usr/bin/install -c
configure:2478: checking whether build environment is sane
configure:2533: result: yes
configure:2684: checking for a thread-safe mkdir -p
configure:2723: result: /bin/mkdir -p
configure:2730: checking for gawk
configure:2746: found /usr/bin/gawk
configure:2757: result: gawk
configure:2768: checking whether make sets $(MAKE)
configure:2790: result: yes
configure:2819: checking whether make supports nested variables
configure:2836: result: yes
configure:2973: checking whether make supports nested variables
configure:2990: result: yes
configure:3013: checking for style of include used by make
configure:3041: result: GNU
configure:3112: checking for gcc
configure:3128: found /usr/bin/gcc
configure:3139: result: gcc
configure:3368: checking for C compiler version
configure:3377: gcc --version >&5
gcc (Ubuntu 7.4.0-1ubuntu1~18.04.1) 7.4.0
Copyright (C) 2017 Free Software Foundation, Inc.
This is free software; see the source for copying conditions.  There is NO
warranty; not even for MERCHANTABILITY or FITNESS FOR A PARTICULAR PURPOSE.

configure:3388: $? = 0
configure:3377: gcc -v >&5
Using built-in specs.
COLLECT_GCC=gcc
COLLECT_LTO_WRAPPER=/usr/lib/gcc/x86_64-linux-gnu/7/lto-wrapper
OFFLOAD_TARGET_NAMES=nvptx-none
OFFLOAD_TARGET_DEFAULT=1
Target: x86_64-linux-gnu
Configured with: ../src/configure -v --with-pkgversion='Ubuntu 7.4.0-1ubuntu1~18.04.1' --with-bugurl=file:///usr/share/doc/gcc-7/README.Bugs --enable-languages=c,ada,c++,go,brig,d,fortran,objc,obj-c++ --prefix=/usr --with-gcc-major-version-only --program-suffix=-7 --program-prefix=x86_64-linux-gnu- --enable-shared --enable-linker-build-id --libexecdir=/usr/lib --without-included-gettext --enable-threads=posix --libdir=/usr/lib --enable-nls --with-sysroot=/ --enable-clocale=gnu --enable-libstdcxx-debug --enable-libstdcxx-time=yes --with-default-libstdcxx-abi=new --enable-gnu-unique-object --disable-vtable-verify --enable-libmpx --enable-plugin --enable-default-pie --with-system-zlib --with-target-system-zlib --enable-objc-gc=auto --enable-multiarch --disable-werror --with-arch-32=i686 --with-abi=m64 --with-multilib-list=m32,m64,mx32 --enable-multilib --with-tune=generic --enable-offload-targets=nvptx-none --without-cuda-driver --enable-checking=release --build=x86_64-linux-gnu --host=x86_64-linux-gnu --target=x86_64-linux-gnu
Thread model: posix
gcc version 7.4.0 (Ubuntu 7.4.0-1ubuntu1~18.04.1) 
configure:3388: $? = 0
configure:3377: gcc -V >&5
gcc: error: unrecognized command line option '-V'
gcc: fatal error: no input files
compilation terminated.
configure:3388: $? = 1
configure:3377: gcc -qversion >&5
gcc: error: unrecognized command line option '-qversion'; did you mean '--version'?
gcc: fatal error: no input files
compilation terminated.
configure:3388: $? = 1
configure:3408: checking whether the C compiler works
configure:3430: gcc    conftest.c  >&5
configure:3434: $? = 0
configure:3482: result: yes
configure:3485: checking for C compiler default output file name
configure:3487: result: a.out
configure:3493: checking for suffix of executables
configure:3500: gcc -o conftest    conftest.c  >&5
configure:3504: $? = 0
configure:3526: result: 
configure:3548: checking whether we are cross compiling
configure:3556: gcc -o conftest    conftest.c  >&5
configure:3560: $? = 0
configure:3567: ./conftest
configure:3571: $? = 0
configure:3586: result: no
configure:3591: checking for suffix of object files
configure:3613: gcc -c   conftest.c >&5
configure:3617: $? = 0
configure:3638: result: o
configure:3642: checking whether we are using the GNU C compiler
configure:3661: gcc -c   conftest.c >&5
configure:3661: $? = 0
configure:3670: result: yes
configure:3679: checking whether gcc accepts -g
configure:3699: gcc -c -g  conftest.c >&5
configure:3699: $? = 0
configure:3740: result: yes
configure:3757: checking for gcc option to accept ISO C89
configure:3820: gcc  -c -g -O2  conftest.c >&5
configure:3820: $? = 0
configure:3833: result: none needed
configure:3858: checking whether gcc understands -c and -o together
configure:3880: gcc -c conftest.c -o conftest2.o
configure:3883: $? = 0
configure:3880: gcc -c conftest.c -o conftest2.o
configure:3883: $? = 0
configure:3895: result: yes
configure:3914: checking dependency style of gcc
configure:4025: result: gcc3
configure:4090: checking for ar
configure:4106: found /usr/bin/ar
configure:4117: result: ar
configure:4143: checking the archiver (ar) interface
configure:4159: gcc -c -g -O2  conftest.c >&5
configure:4159: $? = 0
configure:4161: ar cru libconftest.a conftest.o >&5
ar: `u' modifier ignored since `D' is the default (see `U')
configure:4164: $? = 0
configure:4192: result: ar
configure:4271: checking for g++
configure:4287: found /usr/bin/g++
configure:4298: result: g++
configure:4325: checking for C++ compiler version
configure:4334: g++ --version >&5
g++ (Ubuntu 7.4.0-1ubuntu1~18.04.1) 7.4.0
Copyright (C) 2017 Free Software Foundation, Inc.
This is free software; see the source for copying conditions.  There is NO
warranty; not even for MERCHANTABILITY or FITNESS FOR A PARTICULAR PURPOSE.

configure:4345: $? = 0
configure:4334: g++ -v >&5
Using built-in specs.
COLLECT_GCC=g++
COLLECT_LTO_WRAPPER=/usr/lib/gcc/x86_64-linux-gnu/7/lto-wrapper
OFFLOAD_TARGET_NAMES=nvptx-none
OFFLOAD_TARGET_DEFAULT=1
Target: x86_64-linux-gnu
Configured with: ../src/configure -v --with-pkgversion='Ubuntu 7.4.0-1ubuntu1~18.04.1' --with-bugurl=file:///usr/share/doc/gcc-7/README.Bugs --enable-languages=c,ada,c++,go,brig,d,fortran,objc,obj-c++ --prefix=/usr --with-gcc-major-version-only --program-suffix=-7 --program-prefix=x86_64-linux-gnu- --enable-shared --enable-linker-build-id --libexecdir=/usr/lib --without-included-gettext --enable-threads=posix --libdir=/usr/lib --enable-nls --with-sysroot=/ --enable-clocale=gnu --enable-libstdcxx-debug --enable-libstdcxx-time=yes --with-default-libstdcxx-abi=new --enable-gnu-unique-object --disable-vtable-verify --enable-libmpx --enable-plugin --enable-default-pie --with-system-zlib --with-target-system-zlib --enable-objc-gc=auto --enable-multiarch --disable-werror --with-arch-32=i686 --with-abi=m64 --with-multilib-list=m32,m64,mx32 --enable-multilib --with-tune=generic --enable-offload-targets=nvptx-none --without-cuda-driver --enable-checking=release --build=x86_64-linux-gnu --host=x86_64-linux-gnu --target=x86_64-linux-gnu
Thread model: posix
gcc version 7.4.0 (Ubuntu 7.4.0-1ubuntu1~18.04.1) 
configure:4345: $? = 0
configure:4334: g++ -V >&5
g++: error: unrecognized command line option '-V'
g++: fatal error: no input files
compilation terminated.
configure:4345: $? = 1
configure:4334: g++ -qversion >&5
g++: error: unrecognized command line option '-qversion'; did you mean '--version'?
g++: fatal error: no input files
compilation terminated.
configure:4345: $? = 1
configure:4349: checking whether we are using the GNU C++ compiler
configure:4368: g++ -c   conftest.cpp >&5
configure:4368: $? = 0
configure:4377: result: yes
configure:4386: checking whether g++ accepts -g
configure:4406: g++ -c -g  conftest.cpp >&5
configure:4406: $? = 0
configure:4447: result: yes
configure:4472: checking dependency style of g++
configure:4583: result: gcc3
configure:4652: checking how to print strings
configure:4679: result: printf
configure:4700: checking for a sed that does not truncate output
configure:4764: result: /bin/sed
configure:4782: checking for grep that handles long lines and -e
configure:4840: result: /bin/grep
configure:4845: checking for egrep
configure:4907: result: /bin/grep -E
configure:4912: checking for fgrep
configure:4974: result: /bin/grep -F
configure:5009: checking for ld used by gcc
configure:5076: result: /usr/bin/ld
configure:5083: checking if the linker (/usr/bin/ld) is GNU ld
configure:5098: result: yes
configure:5110: checking for BSD- or MS-compatible name lister (nm)
configure:5164: result: /usr/bin/nm -B
configure:5294: checking the name lister (/usr/bin/nm -B) interface
configure:5301: g++ -c -g -O2  conftest.cpp >&5
configure:5304: /usr/bin/nm -B "conftest.o"
configure:5307: output
0000000000000000 B some_variable
configure:5314: result: BSD nm
configure:5317: checking whether ln -s works
configure:5321: result: yes
configure:5329: checking the maximum length of command line arguments
configure:5460: result: 1572864
configure:5508: checking how to convert x86_64-pc-linux-gnu file names to x86_64-pc-linux-gnu format
configure:5548: result: func_convert_file_noop
configure:5555: checking how to convert x86_64-pc-linux-gnu file names to toolchain format
configure:5575: result: func_convert_file_noop
configure:5582: checking for /usr/bin/ld option to reload object files
configure:5589: result: -r
configure:5663: checking for objdump
configure:5679: found /usr/bin/objdump
configure:5690: result: objdump
configure:5719: checking how to recognize dependent libraries
configure:5919: result: pass_all
configure:6004: checking for dlltool
configure:6034: result: no
configure:6061: checking how to associate runtime and link libraries
configure:6088: result: printf %s\n
configure:6213: checking for archiver @FILE support
configure:6230: g++ -c -g -O2  conftest.cpp >&5
configure:6230: $? = 0
configure:6233: ar cru libconftest.a @conftest.lst >&5
ar: `u' modifier ignored since `D' is the default (see `U')
configure:6236: $? = 0
configure:6241: ar cru libconftest.a @conftest.lst >&5
ar: `u' modifier ignored since `D' is the default (see `U')
ar: conftest.o: No such file or directory
configure:6244: $? = 1
configure:6256: result: @
configure:6314: checking for strip
configure:6330: found /usr/bin/strip
configure:6341: result: strip
configure:6413: checking for ranlib
configure:6429: found /usr/bin/ranlib
configure:6440: result: ranlib
configure:6542: checking command to parse /usr/bin/nm -B output from gcc object
configure:6695: g++ -c -g -O2  conftest.cpp >&5
configure:6698: $? = 0
configure:6702: /usr/bin/nm -B conftest.o \| sed -n -e 's/^.*[ ]\([ABCDGIRSTW][ABCDGIRSTW]*\)[ ][ ]*\([_A-Za-z][_A-Za-z0-9]*\)$/\1 \2 \2/p' | sed '/ __gnu_lto/d' \> conftest.nm
configure:6705: $? = 0
configure:6771: g++ -o conftest -g -O2   conftest.cpp conftstm.o >&5
configure:6774: $? = 0
configure:6812: result: ok
configure:6859: checking for sysroot
configure:6889: result: no
configure:6896: checking for a working dd
configure:6934: result: /bin/dd
configure:6938: checking how to truncate binary pipes
configure:6953: result: /bin/dd bs=4096 count=1
configure:7089: g++ -c -g -O2  conftest.cpp >&5
configure:7092: $? = 0
configure:7282: checking for mt
configure:7298: found /bin/mt
configure:7309: result: mt
configure:7332: checking if mt is a manifest tool
configure:7338: mt '-?'
configure:7346: result: no
configure:8023: checking how to run the C preprocessor
configure:8054: gcc -E  conftest.c
configure:8054: $? = 0
configure:8068: gcc -E  conftest.c
conftest.c:11:10: fatal error: ac_nonexistent.h: No such file or directory
 #include <ac_nonexistent.h>
          ^~~~~~~~~~~~~~~~~~
compilation terminated.
configure:8068: $? = 1
configure: failed program was:
| /* confdefs.h */
| #define PACKAGE_NAME "BlissInterface"
| #define PACKAGE_TARNAME "blissinterface"
| #define PACKAGE_VERSION "0.1"
| #define PACKAGE_STRING "BlissInterface 0.1"
| #define PACKAGE_BUGREPORT ""
| #define PACKAGE_URL ""
| #define PACKAGE "blissinterface"
| #define VERSION "0.1"
| /* end confdefs.h.  */
| #include <ac_nonexistent.h>
configure:8093: result: gcc -E
configure:8113: gcc -E  conftest.c
configure:8113: $? = 0
configure:8127: gcc -E  conftest.c
conftest.c:11:10: fatal error: ac_nonexistent.h: No such file or directory
 #include <ac_nonexistent.h>
          ^~~~~~~~~~~~~~~~~~
compilation terminated.
configure:8127: $? = 1
configure: failed program was:
| /* confdefs.h */
| #define PACKAGE_NAME "BlissInterface"
| #define PACKAGE_TARNAME "blissinterface"
| #define PACKAGE_VERSION "0.1"
| #define PACKAGE_STRING "BlissInterface 0.1"
| #define PACKAGE_BUGREPORT ""
| #define PACKAGE_URL ""
| #define PACKAGE "blissinterface"
| #define VERSION "0.1"
| /* end confdefs.h.  */
| #include <ac_nonexistent.h>
configure:8156: checking for ANSI C header files
configure:8176: gcc -c -g -O2  conftest.c >&5
configure:8176: $? = 0
configure:8249: gcc -o conftest -g -O2   conftest.c  >&5
configure:8249: $? = 0
configure:8249: ./conftest
configure:8249: $? = 0
configure:8260: result: yes
configure:8273: checking for sys/types.h
configure:8273: gcc -c -g -O2  conftest.c >&5
configure:8273: $? = 0
configure:8273: result: yes
configure:8273: checking for sys/stat.h
configure:8273: gcc -c -g -O2  conftest.c >&5
configure:8273: $? = 0
configure:8273: result: yes
configure:8273: checking for stdlib.h
configure:8273: gcc -c -g -O2  conftest.c >&5
configure:8273: $? = 0
configure:8273: result: yes
configure:8273: checking for string.h
configure:8273: gcc -c -g -O2  conftest.c >&5
configure:8273: $? = 0
configure:8273: result: yes
configure:8273: checking for memory.h
configure:8273: gcc -c -g -O2  conftest.c >&5
configure:8273: $? = 0
configure:8273: result: yes
configure:8273: checking for strings.h
configure:8273: gcc -c -g -O2  conftest.c >&5
configure:8273: $? = 0
configure:8273: result: yes
configure:8273: checking for inttypes.h
configure:8273: gcc -c -g -O2  conftest.c >&5
configure:8273: $? = 0
configure:8273: result: yes
configure:8273: checking for stdint.h
configure:8273: gcc -c -g -O2  conftest.c >&5
configure:8273: $? = 0
configure:8273: result: yes
configure:8273: checking for unistd.h
configure:8273: gcc -c -g -O2  conftest.c >&5
configure:8273: $? = 0
configure:8273: result: yes
configure:8287: checking for dlfcn.h
configure:8287: gcc -c -g -O2  conftest.c >&5
configure:8287: $? = 0
configure:8287: result: yes
configure:8849: checking for objdir
configure:8864: result: .libs
configure:9128: checking if gcc supports -fno-rtti -fno-exceptions
configure:9146: gcc -c -g -O2  -fno-rtti -fno-exceptions conftest.c >&5
cc1: warning: command line option '-fno-rtti' is valid for C++/ObjC++ but not for C
configure:9150: $? = 0
configure:9163: result: no
configure:9521: checking for gcc option to produce PIC
configure:9528: result: -fPIC -DPIC
configure:9536: checking if gcc PIC flag -fPIC -DPIC works
configure:9554: gcc -c -g -O2  -fPIC -DPIC -DPIC conftest.c >&5
configure:9558: $? = 0
configure:9571: result: yes
configure:9600: checking if gcc static flag -static works
configure:9628: result: yes
configure:9643: checking if gcc supports -c -o file.o
configure:9664: gcc -c -g -O2  -o out/conftest2.o conftest.c >&5
configure:9668: $? = 0
configure:9690: result: yes
configure:9698: checking if gcc supports -c -o file.o
configure:9745: result: yes
configure:9778: checking whether the gcc linker (/usr/bin/ld -m elf_x86_64) supports shared libraries
configure:11041: result: yes
configure:11078: checking whether -lc should be explicitly linked in
configure:11086: gcc -c -g -O2  conftest.c >&5
configure:11089: $? = 0
configure:11104: gcc -shared  -fPIC -DPIC conftest.o  -v -Wl,-soname -Wl,conftest -o conftest 2\>\&1 \| /bin/grep  -lc  \>/dev/null 2\>\&1
configure:11107: $? = 0
configure:11121: result: no
configure:11281: checking dynamic linker characteristics
configure:11862: gcc -o conftest -g -O2   -Wl,-rpath -Wl,/foo conftest.c  >&5
configure:11862: $? = 0
configure:12111: result: GNU/Linux ld.so
configure:12233: checking how to hardcode library paths into programs
configure:12258: result: immediate
configure:12360: checking for shl_load
configure:12360: gcc -o conftest -g -O2   conftest.c  >&5
/tmp/ccA175cu.o: In function `main':
/home/nagyg/MyGAP/pkg/BlissInterface/conftest.c:57: undefined reference to `shl_load'
collect2: error: ld returned 1 exit status
configure:12360: $? = 1
configure: failed program was:
| /* confdefs.h */
| #define PACKAGE_NAME "BlissInterface"
| #define PACKAGE_TARNAME "blissinterface"
| #define PACKAGE_VERSION "0.1"
| #define PACKAGE_STRING "BlissInterface 0.1"
| #define PACKAGE_BUGREPORT ""
| #define PACKAGE_URL ""
| #define PACKAGE "blissinterface"
| #define VERSION "0.1"
| #define STDC_HEADERS 1
| #define HAVE_SYS_TYPES_H 1
| #define HAVE_SYS_STAT_H 1
| #define HAVE_STDLIB_H 1
| #define HAVE_STRING_H 1
| #define HAVE_MEMORY_H 1
| #define HAVE_STRINGS_H 1
| #define HAVE_INTTYPES_H 1
| #define HAVE_STDINT_H 1
| #define HAVE_UNISTD_H 1
| #define HAVE_DLFCN_H 1
| #define LT_OBJDIR ".libs/"
| /* end confdefs.h.  */
| /* Define shl_load to an innocuous variant, in case <limits.h> declares shl_load.
|    For example, HP-UX 11i <limits.h> declares gettimeofday.  */
| #define shl_load innocuous_shl_load
| 
| /* System header to define __stub macros and hopefully few prototypes,
|     which can conflict with char shl_load (); below.
|     Prefer <limits.h> to <assert.h> if __STDC__ is defined, since
|     <limits.h> exists even on freestanding compilers.  */
| 
| #ifdef __STDC__
| # include <limits.h>
| #else
| # include <assert.h>
| #endif
| 
| #undef shl_load
| 
| /* Override any GCC internal prototype to avoid an error.
|    Use char because int might match the return type of a GCC
|    builtin and then its argument prototype would still apply.  */
| #ifdef __cplusplus
| extern "C"
| #endif
| char shl_load ();
| /* The GNU C library defines this for functions which it implements
|     to always fail with ENOSYS.  Some functions are actually named
|     something starting with __ and the normal name is an alias.  */
| #if defined __stub_shl_load || defined __stub___shl_load
| choke me
| #endif
| 
| int
| main ()
| {
| return shl_load ();
|   ;
|   return 0;
| }
configure:12360: result: no
configure:12364: checking for shl_load in -ldld
configure:12389: gcc -o conftest -g -O2   conftest.c -ldld   >&5
/usr/bin/ld: cannot find -ldld
collect2: error: ld returned 1 exit status
configure:12389: $? = 1
configure: failed program was:
| /* confdefs.h */
| #define PACKAGE_NAME "BlissInterface"
| #define PACKAGE_TARNAME "blissinterface"
| #define PACKAGE_VERSION "0.1"
| #define PACKAGE_STRING "BlissInterface 0.1"
| #define PACKAGE_BUGREPORT ""
| #define PACKAGE_URL ""
| #define PACKAGE "blissinterface"
| #define VERSION "0.1"
| #define STDC_HEADERS 1
| #define HAVE_SYS_TYPES_H 1
| #define HAVE_SYS_STAT_H 1
| #define HAVE_STDLIB_H 1
| #define HAVE_STRING_H 1
| #define HAVE_MEMORY_H 1
| #define HAVE_STRINGS_H 1
| #define HAVE_INTTYPES_H 1
| #define HAVE_STDINT_H 1
| #define HAVE_UNISTD_H 1
| #define HAVE_DLFCN_H 1
| #define LT_OBJDIR ".libs/"
| /* end confdefs.h.  */
| 
| /* Override any GCC internal prototype to avoid an error.
|    Use char because int might match the return type of a GCC
|    builtin and then its argument prototype would still apply.  */
| #ifdef __cplusplus
| extern "C"
| #endif
| char shl_load ();
| int
| main ()
| {
| return shl_load ();
|   ;
|   return 0;
| }
configure:12398: result: no
configure:12403: checking for dlopen
configure:12403: gcc -o conftest -g -O2   conftest.c  >&5
/tmp/cceZwlLu.o: In function `main':
/home/nagyg/MyGAP/pkg/BlissInterface/conftest.c:57: undefined reference to `dlopen'
collect2: error: ld returned 1 exit status
configure:12403: $? = 1
configure: failed program was:
| /* confdefs.h */
| #define PACKAGE_NAME "BlissInterface"
| #define PACKAGE_TARNAME "blissinterface"
| #define PACKAGE_VERSION "0.1"
| #define PACKAGE_STRING "BlissInterface 0.1"
| #define PACKAGE_BUGREPORT ""
| #define PACKAGE_URL ""
| #define PACKAGE "blissinterface"
| #define VERSION "0.1"
| #define STDC_HEADERS 1
| #define HAVE_SYS_TYPES_H 1
| #define HAVE_SYS_STAT_H 1
| #define HAVE_STDLIB_H 1
| #define HAVE_STRING_H 1
| #define HAVE_MEMORY_H 1
| #define HAVE_STRINGS_H 1
| #define HAVE_INTTYPES_H 1
| #define HAVE_STDINT_H 1
| #define HAVE_UNISTD_H 1
| #define HAVE_DLFCN_H 1
| #define LT_OBJDIR ".libs/"
| /* end confdefs.h.  */
| /* Define dlopen to an innocuous variant, in case <limits.h> declares dlopen.
|    For example, HP-UX 11i <limits.h> declares gettimeofday.  */
| #define dlopen innocuous_dlopen
| 
| /* System header to define __stub macros and hopefully few prototypes,
|     which can conflict with char dlopen (); below.
|     Prefer <limits.h> to <assert.h> if __STDC__ is defined, since
|     <limits.h> exists even on freestanding compilers.  */
| 
| #ifdef __STDC__
| # include <limits.h>
| #else
| # include <assert.h>
| #endif
| 
| #undef dlopen
| 
| /* Override any GCC internal prototype to avoid an error.
|    Use char because int might match the return type of a GCC
|    builtin and then its argument prototype would still apply.  */
| #ifdef __cplusplus
| extern "C"
| #endif
| char dlopen ();
| /* The GNU C library defines this for functions which it implements
|     to always fail with ENOSYS.  Some functions are actually named
|     something starting with __ and the normal name is an alias.  */
| #if defined __stub_dlopen || defined __stub___dlopen
| choke me
| #endif
| 
| int
| main ()
| {
| return dlopen ();
|   ;
|   return 0;
| }
configure:12403: result: no
configure:12407: checking for dlopen in -ldl
configure:12432: gcc -o conftest -g -O2   conftest.c -ldl   >&5
configure:12432: $? = 0
configure:12441: result: yes
configure:12560: checking whether a program can dlopen itself
configure:12640: gcc -o conftest -g -O2  -DHAVE_DLFCN_H  -Wl,--export-dynamic conftest.c -ldl  >&5
configure:12643: $? = 0
configure:12661: result: yes
configure:12666: checking whether a statically linked program can dlopen itself
configure:12746: gcc -o conftest -g -O2  -DHAVE_DLFCN_H  -Wl,--export-dynamic -static conftest.c -ldl  >&5
/tmp/cclqqinI.o: In function `main':
/home/nagyg/MyGAP/pkg/BlissInterface/configure:12725: warning: Using 'dlopen' in statically linked applications requires at runtime the shared libraries from the glibc version used for linking
configure:12749: $? = 0
conftest: undefined symbol: _fnord
configure:12767: result: no
configure:12806: checking whether stripping libraries is possible
configure:12811: result: yes
configure:12846: checking if libtool supports shared libraries
configure:12848: result: yes
configure:12851: checking whether to build shared libraries
configure:12876: result: yes
configure:12879: checking whether to build static libraries
configure:12883: result: no
configure:12906: checking how to run the C++ preprocessor
configure:12933: g++ -E  conftest.cpp
configure:12933: $? = 0
configure:12947: g++ -E  conftest.cpp
conftest.cpp:23:10: fatal error: ac_nonexistent.h: No such file or directory
 #include <ac_nonexistent.h>
          ^~~~~~~~~~~~~~~~~~
compilation terminated.
configure:12947: $? = 1
configure: failed program was:
| /* confdefs.h */
| #define PACKAGE_NAME "BlissInterface"
| #define PACKAGE_TARNAME "blissinterface"
| #define PACKAGE_VERSION "0.1"
| #define PACKAGE_STRING "BlissInterface 0.1"
| #define PACKAGE_BUGREPORT ""
| #define PACKAGE_URL ""
| #define PACKAGE "blissinterface"
| #define VERSION "0.1"
| #define STDC_HEADERS 1
| #define HAVE_SYS_TYPES_H 1
| #define HAVE_SYS_STAT_H 1
| #define HAVE_STDLIB_H 1
| #define HAVE_STRING_H 1
| #define HAVE_MEMORY_H 1
| #define HAVE_STRINGS_H 1
| #define HAVE_INTTYPES_H 1
| #define HAVE_STDINT_H 1
| #define HAVE_UNISTD_H 1
| #define HAVE_DLFCN_H 1
| #define LT_OBJDIR ".libs/"
| /* end confdefs.h.  */
| #include <ac_nonexistent.h>
configure:12972: result: g++ -E
configure:12992: g++ -E  conftest.cpp
configure:12992: $? = 0
configure:13006: g++ -E  conftest.cpp
conftest.cpp:23:10: fatal error: ac_nonexistent.h: No such file or directory
 #include <ac_nonexistent.h>
          ^~~~~~~~~~~~~~~~~~
compilation terminated.
configure:13006: $? = 1
configure: failed program was:
| /* confdefs.h */
| #define PACKAGE_NAME "BlissInterface"
| #define PACKAGE_TARNAME "blissinterface"
| #define PACKAGE_VERSION "0.1"
| #define PACKAGE_STRING "BlissInterface 0.1"
| #define PACKAGE_BUGREPORT ""
| #define PACKAGE_URL ""
| #define PACKAGE "blissinterface"
| #define VERSION "0.1"
| #define STDC_HEADERS 1
| #define HAVE_SYS_TYPES_H 1
| #define HAVE_SYS_STAT_H 1
| #define HAVE_STDLIB_H 1
| #define HAVE_STRING_H 1
| #define HAVE_MEMORY_H 1
| #define HAVE_STRINGS_H 1
| #define HAVE_INTTYPES_H 1
| #define HAVE_STDINT_H 1
| #define HAVE_UNISTD_H 1
| #define HAVE_DLFCN_H 1
| #define LT_OBJDIR ".libs/"
| /* end confdefs.h.  */
| #include <ac_nonexistent.h>
configure:13168: checking for ld used by g++
configure:13235: result: /usr/bin/ld -m elf_x86_64
configure:13242: checking if the linker (/usr/bin/ld -m elf_x86_64) is GNU ld
configure:13257: result: yes
configure:13312: checking whether the g++ linker (/usr/bin/ld -m elf_x86_64) supports shared libraries
configure:14385: result: yes
configure:14421: g++ -c -g -O2  conftest.cpp >&5
configure:14424: $? = 0
configure:14905: checking for g++ option to produce PIC
configure:14912: result: -fPIC -DPIC
configure:14920: checking if g++ PIC flag -fPIC -DPIC works
configure:14938: g++ -c -g -O2  -fPIC -DPIC -DPIC conftest.cpp >&5
configure:14942: $? = 0
configure:14955: result: yes
configure:14978: checking if g++ static flag -static works
configure:15006: result: yes
configure:15018: checking if g++ supports -c -o file.o
configure:15039: g++ -c -g -O2  -o out/conftest2.o conftest.cpp >&5
configure:15043: $? = 0
configure:15065: result: yes
configure:15070: checking if g++ supports -c -o file.o
configure:15117: result: yes
configure:15147: checking whether the g++ linker (/usr/bin/ld -m elf_x86_64) supports shared libraries
configure:15190: result: yes
configure:15331: checking dynamic linker characteristics
configure:16088: result: GNU/Linux ld.so
configure:16153: checking how to hardcode library paths into programs
configure:16178: result: immediate
configure:16256: checking for GAP root directory
configure:16273: result: /opt/gap4
configure:16297: checking for GAP architecture
configure:16321: checking for GAP >= 4.9
configure:16325: result: yes
configure:16540: checking that generated files are newer than configure
configure:16546: result: done
configure:16577: creating ./config.status

## ---------------- ##
## Cache variables. ##
## ---------------- ##

ac_cv_build=x86_64-pc-linux-gnu
ac_cv_c_compiler_gnu=yes
ac_cv_cxx_compiler_gnu=yes
ac_cv_env_CCC_set=
ac_cv_env_CCC_value=
ac_cv_env_CC_set=
ac_cv_env_CC_value=
ac_cv_env_CFLAGS_set=
ac_cv_env_CFLAGS_value=
ac_cv_env_CPPFLAGS_set=
ac_cv_env_CPPFLAGS_value=
ac_cv_env_CPP_set=
ac_cv_env_CPP_value=
ac_cv_env_CXXCPP_set=
ac_cv_env_CXXCPP_value=
ac_cv_env_CXXFLAGS_set=
ac_cv_env_CXXFLAGS_value=
ac_cv_env_CXX_set=
ac_cv_env_CXX_value=
ac_cv_env_LDFLAGS_set=
ac_cv_env_LDFLAGS_value=
ac_cv_env_LIBS_set=
ac_cv_env_LIBS_value=
ac_cv_env_LT_SYS_LIBRARY_PATH_set=
ac_cv_env_LT_SYS_LIBRARY_PATH_value=
ac_cv_env_build_alias_set=
ac_cv_env_build_alias_value=
ac_cv_env_host_alias_set=
ac_cv_env_host_alias_value=
ac_cv_env_target_alias_set=
ac_cv_env_target_alias_value=
ac_cv_func_dlopen=no
ac_cv_func_shl_load=no
ac_cv_header_dlfcn_h=yes
ac_cv_header_inttypes_h=yes
ac_cv_header_memory_h=yes
ac_cv_header_stdc=yes
ac_cv_header_stdint_h=yes
ac_cv_header_stdlib_h=yes
ac_cv_header_string_h=yes
ac_cv_header_strings_h=yes
ac_cv_header_sys_stat_h=yes
ac_cv_header_sys_types_h=yes
ac_cv_header_unistd_h=yes
ac_cv_host=x86_64-pc-linux-gnu
ac_cv_lib_dl_dlopen=yes
ac_cv_lib_dld_shl_load=no
ac_cv_objext=o
ac_cv_path_EGREP='/bin/grep -E'
ac_cv_path_FGREP='/bin/grep -F'
ac_cv_path_GREP=/bin/grep
ac_cv_path_SED=/bin/sed
ac_cv_path_install='/usr/bin/install -c'
ac_cv_path_lt_DD=/bin/dd
ac_cv_path_mkdir=/bin/mkdir
ac_cv_prog_AWK=gawk
ac_cv_prog_CPP='gcc -E'
ac_cv_prog_CXXCPP='g++ -E'
ac_cv_prog_ac_ct_AR=ar
ac_cv_prog_ac_ct_CC=gcc
ac_cv_prog_ac_ct_CXX=g++
ac_cv_prog_ac_ct_MANIFEST_TOOL=mt
ac_cv_prog_ac_ct_OBJDUMP=objdump
ac_cv_prog_ac_ct_RANLIB=ranlib
ac_cv_prog_ac_ct_STRIP=strip
ac_cv_prog_cc_c89=
ac_cv_prog_cc_g=yes
ac_cv_prog_cxx_g=yes
ac_cv_prog_make_make_set=yes
am_cv_CC_dependencies_compiler_type=gcc3
am_cv_CXX_dependencies_compiler_type=gcc3
am_cv_ar_interface=ar
am_cv_make_support_nested_variables=yes
am_cv_prog_cc_c_o=yes
lt_cv_ar_at_file=@
lt_cv_archive_cmds_need_lc=no
lt_cv_deplibs_check_method=pass_all
lt_cv_dlopen=dlopen
lt_cv_dlopen_libs=-ldl
lt_cv_dlopen_self=yes
lt_cv_dlopen_self_static=no
lt_cv_file_magic_cmd='$MAGIC_CMD'
lt_cv_file_magic_test_file=
lt_cv_ld_reload_flag=-r
lt_cv_nm_interface='BSD nm'
lt_cv_objdir=.libs
lt_cv_path_LD=/usr/bin/ld
lt_cv_path_LDCXX='/usr/bin/ld -m elf_x86_64'
lt_cv_path_NM='/usr/bin/nm -B'
lt_cv_path_mainfest_tool=no
lt_cv_prog_compiler_c_o=yes
lt_cv_prog_compiler_c_o_CXX=yes
lt_cv_prog_compiler_pic='-fPIC -DPIC'
lt_cv_prog_compiler_pic_CXX='-fPIC -DPIC'
lt_cv_prog_compiler_pic_works=yes
lt_cv_prog_compiler_pic_works_CXX=yes
lt_cv_prog_compiler_rtti_exceptions=no
lt_cv_prog_compiler_static_works=yes
lt_cv_prog_compiler_static_works_CXX=yes
lt_cv_prog_gnu_ld=yes
lt_cv_prog_gnu_ldcxx=yes
lt_cv_sharedlib_from_linklib_cmd='printf %s\n'
lt_cv_shlibpath_overrides_runpath=yes
lt_cv_sys_global_symbol_pipe='sed -n -e '\''s/^.*[	 ]\([ABCDGIRSTW][ABCDGIRSTW]*\)[	 ][	 ]*\([_A-Za-z][_A-Za-z0-9]*\)$/\1 \2 \2/p'\'' | sed '\''/ __gnu_lto/d'\'''
lt_cv_sys_global_symbol_to_c_name_address='sed -n -e '\''s/^: \(.*\) .*$/  {"\1", (void *) 0},/p'\'' -e '\''s/^[ABCDGIRSTW][ABCDGIRSTW]* .* \(.*\)$/  {"\1", (void *) \&\1},/p'\'''
lt_cv_sys_global_symbol_to_c_name_address_lib_prefix='sed -n -e '\''s/^: \(.*\) .*$/  {"\1", (void *) 0},/p'\'' -e '\''s/^[ABCDGIRSTW][ABCDGIRSTW]* .* \(lib.*\)$/  {"\1", (void *) \&\1},/p'\'' -e '\''s/^[ABCDGIRSTW][ABCDGIRSTW]* .* \(.*\)$/  {"lib\1", (void *) \&\1},/p'\'''
lt_cv_sys_global_symbol_to_cdecl='sed -n -e '\''s/^T .* \(.*\)$/extern int \1();/p'\'' -e '\''s/^[ABCDGIRSTW][ABCDGIRSTW]* .* \(.*\)$/extern char \1;/p'\'''
lt_cv_sys_global_symbol_to_import=
lt_cv_sys_max_cmd_len=1572864
lt_cv_to_host_file_cmd=func_convert_file_noop
lt_cv_to_tool_file_cmd=func_convert_file_noop
lt_cv_truncate_bin='/bin/dd bs=4096 count=1'

## ----------------- ##
## Output variables. ##
## ----------------- ##

ACLOCAL='${SHELL} /home/nagyg/MyGAP/pkg/BlissInterface/cnf/missing aclocal-1.15'
AMDEPBACKSLASH='\'
AMDEP_FALSE='#'
AMDEP_TRUE=''
AMTAR='$${TAR-tar}'
AM_BACKSLASH='\'
AM_DEFAULT_V='$(AM_DEFAULT_VERBOSITY)'
AM_DEFAULT_VERBOSITY='0'
AM_V='$(V)'
AR='ar'
AS='as'
AUTOCONF='${SHELL} /home/nagyg/MyGAP/pkg/BlissInterface/cnf/missing autoconf'
AUTOHEADER='${SHELL} /home/nagyg/MyGAP/pkg/BlissInterface/cnf/missing autoheader'
AUTOMAKE='${SHELL} /home/nagyg/MyGAP/pkg/BlissInterface/cnf/missing automake-1.15'
AWK='gawk'
CC='gcc'
CCDEPMODE='depmode=gcc3'
CFLAGS='-g -O2'
CPP='gcc -E'
CPPFLAGS=''
CXX='g++'
CXXCPP='g++ -E'
CXXDEPMODE='depmode=gcc3'
CXXFLAGS='-g -O2'
CYGPATH_W='echo'
DEFS='-DHAVE_CONFIG_H'
DEPDIR='.deps'
DLLTOOL='false'
DSYMUTIL=''
DUMPBIN=''
ECHO_C=''
ECHO_N='-n'
ECHO_T=''
EGREP='/bin/grep -E'
EXEEXT=''
FGREP='/bin/grep -F'
GAPARCH='x86_64-pc-linux-gnu-default64-kv3'
GAPROOT='/opt/gap4'
GAP_CFLAGS=' -g -O2 '
GAP_CPPFLAGS=' -I/opt/gap4/gen -I/opt/gap4/src -I/opt/gap4 -DHAVE_CONFIG_H       '
GAP_LDFLAGS='       '
GAP_LIBS=' -lgmp -lz     -lm -ldl -lutil '
GREP='/bin/grep'
INSTALL_DATA='${INSTALL} -m 644'
INSTALL_PROGRAM='${INSTALL}'
INSTALL_SCRIPT='${INSTALL}'
INSTALL_STRIP_PROGRAM='$(install_sh) -c -s'
LD='/usr/bin/ld -m elf_x86_64'
LDFLAGS=''
LIBOBJS=''
LIBS=''
LIBTOOL='$(SHELL) $(top_builddir)/libtool'
LIPO=''
LN_S='ln -s'
LTLIBOBJS=''
LT_SYS_LIBRARY_PATH=''
MAKEINFO='${SHELL} /home/nagyg/MyGAP/pkg/BlissInterface/cnf/missing makeinfo'
MANIFEST_TOOL=':'
MKDIR_P='/bin/mkdir -p'
NM='/usr/bin/nm -B'
NMEDIT=''
OBJDUMP='objdump'
OBJEXT='o'
OTOOL64=''
OTOOL=''
PACKAGE='blissinterface'
PACKAGE_BUGREPORT=''
PACKAGE_NAME='BlissInterface'
PACKAGE_STRING='BlissInterface 0.1'
PACKAGE_TARNAME='blissinterface'
PACKAGE_URL=''
PACKAGE_VERSION='0.1'
PATH_SEPARATOR=':'
RANLIB='ranlib'
SED='/bin/sed'
SET_MAKE=''
SHELL='/bin/bash'
STRIP='strip'
SYS_IS_CYGWIN_FALSE=''
SYS_IS_CYGWIN_TRUE='#'
VERSION='0.1'
ac_ct_AR='ar'
ac_ct_CC='gcc'
ac_ct_CXX='g++'
ac_ct_DUMPBIN=''
am__EXEEXT_FALSE=''
am__EXEEXT_TRUE='#'
am__fastdepCC_FALSE='#'
am__fastdepCC_TRUE=''
am__fastdepCXX_FALSE='#'
am__fastdepCXX_TRUE=''
am__include='include'
am__isrc=''
am__leading_dot='.'
am__nodep='_no'
am__quote=''
am__tar='$${TAR-tar} chof - "$$tardir"'
am__untar='$${TAR-tar} xf -'
bindir='${exec_prefix}/bin'
build='x86_64-pc-linux-gnu'
build_alias=''
build_cpu='x86_64'
build_os='linux-gnu'
build_vendor='pc'
datadir='${datarootdir}'
datarootdir='${prefix}/share'
docdir='${datarootdir}/doc/${PACKAGE_TARNAME}'
dvidir='${docdir}'
exec_prefix='${prefix}'
host='x86_64-pc-linux-gnu'
host_alias=''
host_cpu='x86_64'
host_os='linux-gnu'
host_vendor='pc'
htmldir='${docdir}'
includedir='${prefix}/include'
infodir='${datarootdir}/info'
install_sh='${SHELL} /home/nagyg/MyGAP/pkg/BlissInterface/cnf/install-sh'
libdir='${exec_prefix}/lib'
libexecdir='${exec_prefix}/libexec'
localedir='${datarootdir}/locale'
localstatedir='${prefix}/var'
mandir='${datarootdir}/man'
mkdir_p='$(MKDIR_P)'
oldincludedir='/usr/include'
pdfdir='${docdir}'
prefix='/usr/local'
program_transform_name='s,x,x,'
psdir='${docdir}'
runstatedir='${localstatedir}/run'
sbindir='${exec_prefix}/sbin'
sharedstatedir='${prefix}/com'
sysconfdir='${prefix}/etc'
target_alias=''

## ----------- ##
## confdefs.h. ##
## ----------- ##

/* confdefs.h */
#define PACKAGE_NAME "BlissInterface"
#define PACKAGE_TARNAME "blissinterface"
#define PACKAGE_VERSION "0.1"
#define PACKAGE_STRING "BlissInterface 0.1"
#define PACKAGE_BUGREPORT ""
#define PACKAGE_URL ""
#define PACKAGE "blissinterface"
#define VERSION "0.1"
#define STDC_HEADERS 1
#define HAVE_SYS_TYPES_H 1
#define HAVE_SYS_STAT_H 1
#define HAVE_STDLIB_H 1
#define HAVE_STRING_H 1
#define HAVE_MEMORY_H 1
#define HAVE_STRINGS_H 1
#define HAVE_INTTYPES_H 1
#define HAVE_STDINT_H 1
#define HAVE_UNISTD_H 1
#define HAVE_DLFCN_H 1
#define LT_OBJDIR ".libs/"
#define SYS_IS_CYGWIN32 0

configure: exit 0

## ---------------------- ##
## Running config.status. ##
## ---------------------- ##

This file was extended by BlissInterface config.status 0.1, which was
generated by GNU Autoconf 2.69.  Invocation command line was

  CONFIG_FILES    = 
  CONFIG_HEADERS  = 
  CONFIG_LINKS    = 
  CONFIG_COMMANDS = 
  $ ./config.status 

on dobo77

config.status:1158: creating Makefile
config.status:1158: creating src/_pkgconfig.h
config.status:1339: src/_pkgconfig.h is unchanged
config.status:1387: executing depfiles commands
config.status:1387: executing libtool commands
